<?xml version="1.0" encoding="UTF-8"?>
<!-- Generated by org.testng.reporters.JUnitReportReporter -->
<testsuite hostname="DESKTOP-2R05CU6" failures="0" tests="2" name="corp.HomePage" time="22.346" errors="0" timestamp="2021-12-10T14:52:11 IST" skipped="0">
  <testcase classname="corp.HomePage" name="homeNavigation" time="11.010"/>
  <system-out/>
  <testcase classname="corp.HomePage" name="homeNavigation" time="11.336"/>
  <system-out/>
</testsuite> <!-- corp.HomePage -->
